\BOOKMARK [1][-]{section*.1}{\376\377\000B\000a\000c\000k\000g\000r\000o\000u\000n\000d}{}% 1
\BOOKMARK [2][-]{section*.2}{\376\377\000U\000n\000d\000e\000r\000s\000t\000a\000n\000d\000i\000n\000g\000\040\000d\000e\000c\000i\000s\000i\000o\000n\000\040\000m\000a\000k\000i\000n\000g\000\040\000i\000n\000\040\000h\000u\000m\000a\000n\000s}{section*.1}% 2
\BOOKMARK [3][-]{section*.3}{\376\377\000D\000e\000c\000i\000s\000i\000o\000n\000\040\000m\000a\000k\000i\000n\000g\000\040\000a\000s\000\040\000a\000\040\000c\000o\000g\000n\000i\000t\000i\000v\000e\000\040\000p\000r\000o\000c\000e\000s\000s}{section*.2}% 3
\BOOKMARK [2][-]{section*.4}{\376\377\000C\000a\000p\000t\000u\000r\000i\000n\000g\000\040\000t\000h\000e\000\040\000d\000e\000c\000i\000s\000i\000o\000n\000\040\000m\000a\000k\000i\000n\000g\000\040\000p\000r\000o\000c\000e\000s\000s}{section*.1}% 4
\BOOKMARK [3][-]{section*.5}{\376\377\000M\000o\000u\000s\000e\000L\000a\000b\000W\000e\000b}{section*.4}% 5
\BOOKMARK [2][-]{section*.6}{\376\377\000I\000n\000t\000e\000r\000p\000r\000e\000t\000i\000n\000g\000\040\000i\000n\000f\000o\000r\000m\000a\000t\000i\000o\000n\000\040\000g\000a\000t\000h\000e\000r\000i\000n\000g\000\040\000d\000a\000t\000a}{section*.1}% 6
\BOOKMARK [2][-]{section*.7}{\376\377\000T\000h\000e\000\040\000n\000e\000u\000r\000o\000b\000i\000o\000l\000o\000g\000y\000\040\000o\000f\000\040\000s\000o\000c\000i\000a\000l\000\040\000d\000e\000c\000i\000s\000i\000o\000n\000\040\000m\000a\000k\000i\000n\000g}{section*.1}% 7
\BOOKMARK [1][-]{section*.8}{\376\377\000A\000i\000m\000s}{}% 8
\BOOKMARK [1][-]{section*.9}{\376\377\000M\000e\000t\000h\000o\000d\000s}{}% 9
\BOOKMARK [2][-]{section*.10}{\376\377\000T\000h\000e\000\040\000M\000e\000s\000s\000a\000g\000e\000\040\000G\000a\000m\000e}{section*.9}% 10
\BOOKMARK [3][-]{section*.11}{\376\377\000E\000x\000p\000e\000r\000i\000m\000e\000n\000t\000a\000l\000\040\000V\000a\000r\000i\000a\000t\000i\000o\000n}{section*.10}% 11
\BOOKMARK [2][-]{section*.14}{\376\377\000P\000r\000o\000c\000e\000d\000u\000r\000e}{section*.9}% 12
\BOOKMARK [2][-]{section*.15}{\376\377\000A\000v\000e\000r\000a\000g\000e\000\040\000A\000n\000a\000l\000y\000s\000i\000s}{section*.9}% 13
\BOOKMARK [2][-]{section*.16}{\376\377\000C\000l\000u\000s\000t\000e\000r\000\040\000A\000n\000a\000l\000y\000s\000i\000s}{section*.9}% 14
\BOOKMARK [3][-]{section*.17}{\376\377\000D\000y\000n\000a\000m\000i\000c\000\040\000T\000i\000m\000e\000\040\000W\000a\000r\000p\000i\000n\000g}{section*.16}% 15
\BOOKMARK [3][-]{section*.18}{\376\377\000C\000l\000u\000s\000t\000e\000r\000i\000n\000g}{section*.16}% 16
\BOOKMARK [1][-]{section*.19}{\376\377\000R\000e\000s\000u\000l\000t\000s\000/\000F\000i\000n\000d\000i\000n\000g\000s}{}% 17
\BOOKMARK [2][-]{section*.20}{\376\377\000T\000r\000i\000a\000l\000\040\000a\000n\000d\000\040\000P\000a\000r\000t\000i\000c\000i\000p\000a\000n\000t\000\040\000Q\000u\000a\000n\000t\000i\000t\000i\000e\000s}{section*.19}% 18
\BOOKMARK [2][-]{section*.22}{\376\377\000D\000e\000s\000c\000r\000i\000p\000t\000i\000v\000e\000s}{section*.19}% 19
\BOOKMARK [3][-]{section*.23}{\376\377\000L\000i\000e\000\040\000P\000e\000r\000c\000e\000n\000t\000a\000g\000e}{section*.22}% 20
\BOOKMARK [3][-]{section*.26}{\376\377\000D\000w\000e\000l\000l\000\040\000T\000i\000m\000e\000\040\000D\000i\000s\000t\000r\000i\000b\000u\000t\000i\000o\000n}{section*.22}% 21
\BOOKMARK [3][-]{section*.28}{\376\377\000T\000r\000i\000a\000l\000\040\000C\000o\000n\000d\000i\000t\000i\000o\000n}{section*.22}% 22
\BOOKMARK [3][-]{section*.31}{\376\377\000L\000i\000e\000\040\000p\000r\000o\000p\000o\000r\000t\000i\000o\000n\000\040\000b\000y\000\040\000t\000r\000i\000a\000l\000\040\000c\000o\000n\000d\000i\000t\000i\000o\000n}{section*.22}% 23
\BOOKMARK [2][-]{section*.34}{\376\377\000D\000i\000f\000f\000e\000r\000e\000n\000c\000e\000s\000\040\000i\000n\000\040\000i\000n\000f\000o\000r\000m\000a\000t\000i\000o\000n\000\040\000g\000a\000t\000h\000e\000r\000i\000n\000g\000\040\000s\000t\000r\000a\000t\000e\000g\000y}{section*.19}% 24
\BOOKMARK [3][-]{section*.35}{\376\377\000B\000y\000\040\000t\000r\000i\000a\000l\000\040\000c\000o\000n\000d\000i\000t\000i\000o\000n}{section*.34}% 25
\BOOKMARK [3][-]{section*.39}{\376\377\000B\000y\000\040\000p\000o\000p\000u\000l\000a\000t\000i\000o\000n\000\040\000c\000l\000u\000s\000t\000e\000r\000i\000n\000g}{section*.34}% 26
\BOOKMARK [2][-]{section*.45}{\376\377\000I\000n\000f\000o\000r\000m\000a\000t\000i\000o\000n\000\040\000g\000a\000t\000h\000e\000r\000i\000n\000g\000\040\000s\000t\000r\000a\000t\000e\000g\000y\000\040\000a\000s\000\040\000a\000\040\000p\000r\000e\000d\000i\000c\000t\000o\000r\000\040\000o\000f\000\040\000d\000i\000s\000h\000o\000n\000e\000s\000t\000\040\000b\000e\000h\000a\000v\000i\000o\000u\000r}{section*.19}% 27
\BOOKMARK [3][-]{section*.46}{\376\377\000L\000i\000e\000\040\000p\000r\000o\000p\000o\000r\000t\000i\000o\000n\000\040\000b\000y\000\040\000c\000l\000u\000s\000t\000e\000r}{section*.45}% 28
\BOOKMARK [3][-]{section*.48}{\376\377\000M\000o\000d\000e\000l\000l\000i\000n\000g\000\040\000t\000h\000e\000\040\000e\000f\000f\000e\000c\000t\000\040\000o\000f\000\040\000c\000l\000u\000s\000t\000e\000r}{section*.45}% 29
\BOOKMARK [1][-]{section*.56}{\376\377\000D\000i\000s\000c\000u\000s\000s\000i\000o\000n}{}% 30
